TN:
SF:src/polyfills.ts
FNF:0
FNH:0
DA:44,1
DA:45,1
DA:56,1
LF:3
LH:3
BRF:0
BRH:0
end_of_record
TN:
SF:src/test.ts
FN:20,(anonymous_0)
FNF:1
FNH:1
FNDA:1,(anonymous_0)
DA:3,1
DA:4,1
DA:5,1
DA:6,1
DA:7,1
DA:8,1
DA:9,1
DA:10,1
DA:20,1
DA:23,1
DA:28,1
DA:30,1
DA:32,1
LF:13
LH:13
BRF:0
BRH:0
end_of_record
TN:
SF:src/app/app.component.ts
FNF:0
FNH:0
DA:1,1
DA:8,1
DA:9,1
LF:3
LH:3
BRF:0
BRH:0
end_of_record
TN:
SF:src/app/common/footer/inactivity.component.ts
FNF:0
FNH:0
DA:1,1
DA:8,1
LF:2
LH:2
BRF:0
BRH:0
end_of_record
TN:
SF:src/app/common/layouts/basicLayout.component.ts
FN:16,(anonymous_3)
FN:20,(anonymous_4)
FNF:2
FNH:0
FNDA:0,(anonymous_3)
FNDA:0,(anonymous_4)
DA:1,1
DA:2,1
DA:14,1
DA:16,1
DA:17,0
DA:20,1
DA:21,0
DA:24,1
LF:8
LH:6
BRF:0
BRH:0
end_of_record
TN:
SF:src/app/common/layouts/blankLayout.component.ts
FN:12,(anonymous_3)
FN:16,(anonymous_4)
FNF:2
FNH:1
FNDA:0,(anonymous_3)
FNDA:1,(anonymous_4)
DA:1,1
DA:10,1
DA:12,1
DA:13,0
DA:16,1
DA:17,1
DA:19,1
LF:7
LH:6
BRF:0
BRH:0
end_of_record
TN:
SF:src/app/common/navigation/navigation.component.ts
FN:15,NavigationComponent
FN:17,(anonymous_4)
FN:19,(anonymous_5)
FNF:3
FNH:1
FNDA:1,NavigationComponent
FNDA:0,(anonymous_4)
FNDA:0,(anonymous_5)
DA:1,1
DA:2,1
DA:3,1
DA:13,1
DA:14,1
DA:15,1
DA:17,1
DA:19,1
DA:20,0
DA:22,1
LF:10
LH:9
BRF:0
BRH:0
end_of_record
TN:
SF:src/app/common/topnavbar/topnavbar.component.ts
FN:12,(anonymous_3)
FNF:1
FNH:1
FNDA:1,(anonymous_3)
DA:1,1
DA:2,1
DA:10,1
DA:12,1
DA:13,1
DA:14,1
DA:17,1
LF:7
LH:7
BRF:0
BRH:0
end_of_record
TN:
SF:src/app/common/utils/custom-validation.ts
FN:3,(anonymous_0)
FN:4,(anonymous_2)
FN:5,(anonymous_3)
FN:19,(anonymous_4)
FNF:4
FNH:4
FNDA:1,(anonymous_0)
FNDA:3,(anonymous_2)
FNDA:3,(anonymous_3)
FNDA:1,(anonymous_4)
DA:3,1
DA:4,1
DA:5,3
DA:6,3
DA:8,3
DA:12,0
DA:15,0
DA:19,1
DA:20,1
DA:21,1
DA:23,1
DA:25,1
DA:27,0
DA:30,1
LF:14
LH:11
BRDA:6,0,0,3
BRDA:6,0,1,0
BRDA:15,1,0,0
BRDA:15,1,1,0
BRDA:23,2,0,1
BRDA:23,2,1,0
BRF:6
BRH:2
end_of_record
TN:
SF:src/app/components/change-password/change-password.component.ts
FN:15,ChangePasswordComponent
FN:45,(anonymous_4)
FN:50,(anonymous_5)
FNF:3
FNH:2
FNDA:1,ChangePasswordComponent
FNDA:0,(anonymous_4)
FNDA:1,(anonymous_5)
DA:1,1
DA:2,1
DA:3,1
DA:10,1
DA:15,1
DA:16,1
DA:18,1
DA:45,1
DA:50,1
DA:54,1
LF:10
LH:10
BRDA:37,0,0,0
BRDA:37,0,1,1
BRF:2
BRH:1
end_of_record
TN:
SF:src/app/components/contact/contact.component.ts
FN:12,ContactComponent
FN:16,(anonymous_4)
FN:21,(anonymous_5)
FNF:3
FNH:2
FNDA:1,ContactComponent
FNDA:0,(anonymous_4)
FNDA:1,(anonymous_5)
DA:1,1
DA:8,1
DA:13,1
DA:16,1
DA:21,1
DA:25,1
LF:6
LH:6
BRF:0
BRH:0
end_of_record
TN:
SF:src/app/components/dashboard/dashboard.component.ts
FN:18,DashboardComponent
FN:33,(anonymous_4)
FN:37,(anonymous_5)
FNF:3
FNH:2
FNDA:1,DashboardComponent
FNDA:0,(anonymous_4)
FNDA:1,(anonymous_5)
DA:1,1
DA:12,1
DA:19,1
DA:20,1
DA:22,1
DA:33,1
DA:37,1
DA:40,1
LF:8
LH:8
BRF:0
BRH:0
end_of_record
TN:
SF:src/app/components/forgot-password/forgot-password.component.ts
FN:10,ForgotPasswordComponent
FN:12,(anonymous_4)
FNF:2
FNH:2
FNDA:1,ForgotPasswordComponent
FNDA:1,(anonymous_4)
DA:1,1
DA:8,1
DA:12,1
DA:15,1
LF:4
LH:4
BRF:0
BRH:0
end_of_record
TN:
SF:src/app/components/home/home.component.ts
FN:12,HomeComponent
FN:14,(anonymous_4)
FNF:2
FNH:2
FNDA:1,HomeComponent
FNDA:1,(anonymous_4)
DA:1,1
DA:10,1
DA:14,1
DA:15,1
DA:16,0
DA:25,1
LF:6
LH:5
BRDA:15,0,0,0
BRDA:15,0,1,1
BRF:2
BRH:1
end_of_record
TN:
SF:src/app/components/login/login.component.ts
FN:10,LoginComponent
FN:14,(anonymous_4)
FNF:2
FNH:1
FNDA:1,LoginComponent
FNDA:0,(anonymous_4)
DA:1,1
DA:2,1
DA:9,1
DA:11,1
DA:14,1
DA:15,0
DA:17,1
LF:7
LH:6
BRF:0
BRH:0
end_of_record
TN:
SF:src/app/components/references-table/acuse-recibo.component.ts
FN:36,AcuseReciboComponent
FN:38,(anonymous_4)
FNF:2
FNH:2
FNDA:1,AcuseReciboComponent
FNDA:1,(anonymous_4)
DA:1,1
DA:8,1
DA:9,1
DA:38,1
DA:41,1
LF:5
LH:5
BRF:0
BRH:0
end_of_record
TN:
SF:src/app/components/sidebar/sidebar.component.ts
FN:96,SidebarComponent
FN:100,(anonymous_4)
FN:103,(anonymous_5)
FN:107,(anonymous_6)
FN:111,(anonymous_7)
FNF:5
FNH:3
FNDA:1,SidebarComponent
FNDA:1,(anonymous_4)
FNDA:0,(anonymous_5)
FNDA:44,(anonymous_6)
FNDA:0,(anonymous_7)
DA:1,1
DA:2,1
DA:10,1
DA:11,1
DA:97,1
DA:100,1
DA:103,1
DA:104,0
DA:107,1
DA:108,44
DA:111,1
DA:112,0
DA:113,0
DA:116,1
LF:14
LH:11
BRDA:112,0,0,0
BRDA:112,0,1,0
BRF:2
BRH:0
end_of_record
TN:
SF:src/app/components/starterview/starterview.component.ts
FN:12,StarterViewComponent
FN:16,(anonymous_4)
FN:21,(anonymous_5)
FNF:3
FNH:2
FNDA:1,StarterViewComponent
FNDA:0,(anonymous_4)
FNDA:1,(anonymous_5)
DA:1,1
DA:8,1
DA:13,1
DA:16,1
DA:21,1
DA:25,1
LF:6
LH:6
BRF:0
BRH:0
end_of_record
TN:
SF:src/app/components/upload-files/upload-files.component.ts
FN:48,UploadFilesComponent
FN:50,(anonymous_4)
FNF:2
FNH:2
FNDA:1,UploadFilesComponent
FNDA:1,(anonymous_4)
DA:1,1
DA:8,1
DA:9,1
DA:50,1
DA:53,1
LF:5
LH:5
BRF:0
BRH:0
end_of_record
